[2022-08-08 14:34:36,414] {manager.py:604} INFO - Processing files using up to 1 processes at a time 
[2022-08-08 14:34:36,414] {manager.py:605} INFO - Process each file at most once every 30 seconds
[2022-08-08 14:34:36,414] {manager.py:606} INFO - Checking for new files in /home/ndx/Innowise tasks/Innowise_task_6/airflow/dags every 300 seconds
[2022-08-08 14:34:36,414] {manager.py:754} INFO - Searching for files in /home/ndx/Innowise tasks/Innowise_task_6/airflow/dags
[2022-08-08 14:34:36,418] {manager.py:757} INFO - There are 31 files in /home/ndx/Innowise tasks/Innowise_task_6/airflow/dags
[2022-08-08 14:34:36,429] {manager.py:1128} INFO - Finding 'running' jobs without a recent heartbeat
[2022-08-08 14:34:36,429] {manager.py:1132} INFO - Failing jobs without heartbeat after 2022-08-08 11:29:36.429187+00:00
[2022-08-08 14:34:36,541] {manager.py:861} INFO - 
================================================================================
DAG File Processing Stats

File Path                                                                                                                                         PID    Runtime      # DAGs    # Errors  Last Runtime    Last Run
------------------------------------------------------------------------------------------------------------------------------------------------  -----  ---------  --------  ----------  --------------  -------------------
/home/ndx/Innowise tasks/Innowise_task_6/airflow_env/lib/python3.8/site-packages/airflow/example_dags/example_branch_day_of_week_operator.py                               0           0
/home/ndx/Innowise tasks/Innowise_task_6/airflow_env/lib/python3.8/site-packages/airflow/example_dags/example_branch_python_dop_operator_3.py                              0           0
/home/ndx/Innowise tasks/Innowise_task_6/airflow_env/lib/python3.8/site-packages/airflow/example_dags/example_task_group_decorator.py                                      0           0
/home/ndx/Innowise tasks/Innowise_task_6/airflow_env/lib/python3.8/site-packages/airflow/example_dags/example_skip_dag.py                                                  0           0
/home/ndx/Innowise tasks/Innowise_task_6/airflow_env/lib/python3.8/site-packages/airflow/example_dags/example_trigger_controller_dag.py                                    0           0
/home/ndx/Innowise tasks/Innowise_task_6/airflow_env/lib/python3.8/site-packages/airflow/example_dags/example_branch_operator.py                                           0           0
/home/ndx/Innowise tasks/Innowise_task_6/airflow_env/lib/python3.8/site-packages/airflow/example_dags/tutorial_taskflow_api_etl.py                                         0           0
/home/ndx/Innowise tasks/Innowise_task_6/airflow_env/lib/python3.8/site-packages/airflow/example_dags/test_utils.py                                                        0           0
/home/ndx/Innowise tasks/Innowise_task_6/airflow_env/lib/python3.8/site-packages/airflow/example_dags/tutorial_taskflow_api_etl_virtualenv.py                              0           0
/home/ndx/Innowise tasks/Innowise_task_6/airflow_env/lib/python3.8/site-packages/airflow/example_dags/example_nested_branch_dag.py                                         0           0
/home/ndx/Innowise tasks/Innowise_task_6/airflow_env/lib/python3.8/site-packages/airflow/example_dags/example_xcomargs.py                                                  0           0
/home/ndx/Innowise tasks/Innowise_task_6/airflow_env/lib/python3.8/site-packages/airflow/example_dags/tutorial.py                                                          0           0
/home/ndx/Innowise tasks/Innowise_task_6/airflow_env/lib/python3.8/site-packages/airflow/example_dags/example_trigger_target_dag.py                                        0           0
/home/ndx/Innowise tasks/Innowise_task_6/airflow_env/lib/python3.8/site-packages/airflow/example_dags/example_subdag_operator.py                                           0           0
/home/ndx/Innowise tasks/Innowise_task_6/airflow_env/lib/python3.8/site-packages/airflow/example_dags/example_branch_labels.py                                             0           0
/home/ndx/Innowise tasks/Innowise_task_6/airflow_env/lib/python3.8/site-packages/airflow/example_dags/example_kubernetes_executor_config.py                                0           0
/home/ndx/Innowise tasks/Innowise_task_6/airflow_env/lib/python3.8/site-packages/airflow/example_dags/example_latest_only_with_trigger.py                                  0           0
/home/ndx/Innowise tasks/Innowise_task_6/airflow_env/lib/python3.8/site-packages/airflow/example_dags/example_passing_params_via_test_command.py                           0           0
/home/ndx/Innowise tasks/Innowise_task_6/airflow_env/lib/python3.8/site-packages/airflow/example_dags/example_bash_operator.py                                             0           0
/home/ndx/Innowise tasks/Innowise_task_6/airflow_env/lib/python3.8/site-packages/airflow/example_dags/example_complex.py                                                   0           0
/home/ndx/Innowise tasks/Innowise_task_6/airflow_env/lib/python3.8/site-packages/airflow/example_dags/example_dag_decorator.py                                             0           0
/home/ndx/Innowise tasks/Innowise_task_6/airflow_env/lib/python3.8/site-packages/airflow/example_dags/example_python_operator.py                                           0           0
/home/ndx/Innowise tasks/Innowise_task_6/airflow_env/lib/python3.8/site-packages/airflow/example_dags/example_latest_only.py                                               0           0
/home/ndx/Innowise tasks/Innowise_task_6/airflow_env/lib/python3.8/site-packages/airflow/example_dags/example_xcom.py                                                      0           0
/home/ndx/Innowise tasks/Innowise_task_6/airflow_env/lib/python3.8/site-packages/airflow/example_dags/tutorial_etl_dag.py                                                  0           0
/home/ndx/Innowise tasks/Innowise_task_6/airflow_env/lib/python3.8/site-packages/airflow/example_dags/example_task_group.py                                                0           0
/home/ndx/Innowise tasks/Innowise_task_6/airflow_env/lib/python3.8/site-packages/airflow/example_dags/example_external_task_marker_dag.py                                  0           0
/home/ndx/Innowise tasks/Innowise_task_6/airflow_env/lib/python3.8/site-packages/airflow/example_dags/example_kubernetes_executor.py                                       0           0
/home/ndx/Innowise tasks/Innowise_task_6/airflow_env/lib/python3.8/site-packages/airflow/example_dags/example_short_circuit_operator.py                                    0           0
/home/ndx/Innowise tasks/Innowise_task_6/airflow_env/lib/python3.8/site-packages/airflow/example_dags/subdags/subdag.py                                                    0           0
/home/ndx/Innowise tasks/Innowise_task_6/airflow_env/lib/python3.8/site-packages/airflow/example_dags/example_branch_datetime_operator.py                                  1           0  0.10s           2022-08-08T11:34:36
================================================================================
[2022-08-08 14:34:44,579] {manager.py:585} INFO - Exiting gracefully upon receiving signal 15
